<?xml version="1.0" encoding="UTF-8"?>
<testsuite name="ListCmdBasicTest" tests="8" skipped="0" failures="0" errors="0" timestamp="2020-03-18T17:42:10" hostname="MSI-YANG" time="0.005">
  <properties/>
  <testcase name="testExecuteShortList" classname="ListCmdBasicTest" time="0.001"/>
  <testcase name="testExecuteLongList" classname="ListCmdBasicTest" time="0.001"/>
  <testcase name="testParseArgumentsIllegalArgument" classname="ListCmdBasicTest" time="0.0"/>
  <testcase name="testParseArgumentsLegalArgument" classname="ListCmdBasicTest" time="0.0"/>
  <testcase name="testExecuteLibraryDataNull" classname="ListCmdBasicTest" time="0.0"/>
  <testcase name="testIsParseArgumentsOverridden" classname="ListCmdBasicTest" time="0.0"/>
  <testcase name="testCtorSuperclassCall" classname="ListCmdBasicTest" time="0.0"/>
  <testcase name="testClassCommandExtension" classname="ListCmdBasicTest" time="0.0"/>
  <system-out><![CDATA[]]></system-out>
  <system-err><![CDATA[]]></system-err>
</testsuite>
