<?xml version="1.0" encoding="UTF-8"?>
<testsuite name="BookEntryBasicTest" tests="9" skipped="0" failures="0" errors="0" timestamp="2020-03-18T16:28:57" hostname="MSI-YANG" time="0.035">
  <properties/>
  <testcase name="testGetPages" classname="BookEntryBasicTest" time="0.007"/>
  <testcase name="testGetTitle" classname="BookEntryBasicTest" time="0.0"/>
  <testcase name="testToStringReturnValue" classname="BookEntryBasicTest" time="0.021"/>
  <testcase name="testGetISBN" classname="BookEntryBasicTest" time="0.0"/>
  <testcase name="testGetAuthors" classname="BookEntryBasicTest" time="0.0"/>
  <testcase name="testFieldTypes" classname="BookEntryBasicTest" time="0.0"/>
  <testcase name="testEqualsAndHashCode" classname="BookEntryBasicTest" time="0.001"/>
  <testcase name="testGetRating" classname="BookEntryBasicTest" time="0.001"/>
  <testcase name="testCtorFieldInitialisation" classname="BookEntryBasicTest" time="0.001"/>
  <system-out><![CDATA[]]></system-out>
  <system-err><![CDATA[]]></system-err>
</testsuite>
