<?xml version="1.0" encoding="UTF-8"?>
<testsuite name="BookEntryBasicTest" tests="9" skipped="0" failures="0" errors="0" timestamp="2020-03-18T17:42:10" hostname="MSI-YANG" time="0.062">
  <properties/>
  <testcase name="testGetPages" classname="BookEntryBasicTest" time="0.006"/>
  <testcase name="testGetTitle" classname="BookEntryBasicTest" time="0.001"/>
  <testcase name="testToStringReturnValue" classname="BookEntryBasicTest" time="0.044"/>
  <testcase name="testGetISBN" classname="BookEntryBasicTest" time="0.003"/>
  <testcase name="testGetAuthors" classname="BookEntryBasicTest" time="0.002"/>
  <testcase name="testFieldTypes" classname="BookEntryBasicTest" time="0.001"/>
  <testcase name="testEqualsAndHashCode" classname="BookEntryBasicTest" time="0.001"/>
  <testcase name="testGetRating" classname="BookEntryBasicTest" time="0.001"/>
  <testcase name="testCtorFieldInitialisation" classname="BookEntryBasicTest" time="0.003"/>
  <system-out><![CDATA[]]></system-out>
  <system-err><![CDATA[]]></system-err>
</testsuite>
